# Logfile created on 2015-10-17 08:29:08 -0400 by logger.rb/47272
D, [2015-10-17T08:29:08.238955 #4337] DEBUG -- : REQUESTING PAGE: GET / with {} and HTTP headers {}
D, [2015-10-17T08:30:20.016426 #4345] DEBUG -- : REQUESTING PAGE: GET / with {} and HTTP headers {}
D, [2015-10-17T08:33:10.301203 #4359] DEBUG -- : REQUESTING PAGE: GET / with {} and HTTP headers {}
D, [2015-10-17T08:34:24.220700 #4368] DEBUG -- : REQUESTING PAGE: GET / with {} and HTTP headers {}
D, [2015-10-17T08:35:36.329914 #4376] DEBUG -- : REQUESTING PAGE: GET / with {} and HTTP headers {}
D, [2015-10-17T08:36:12.293612 #4382] DEBUG -- : REQUESTING PAGE: GET / with {} and HTTP headers {}
D, [2015-10-17T08:37:18.344664 #4390] DEBUG -- : REQUESTING PAGE: GET / with {} and HTTP headers {}
D, [2015-10-17T08:38:07.464450 #4397] DEBUG -- : REQUESTING PAGE: GET / with {} and HTTP headers {}
D, [2015-10-17T08:38:28.104664 #4402] DEBUG -- : REQUESTING PAGE: GET / with {} and HTTP headers {}
D, [2015-10-17T08:38:28.158341 #4402] DEBUG -- : REQUESTING PAGE: POST /bienvenida with {"nombre"=>"Israel"} and HTTP headers {"HTTP_REFERER"=>"/"}
D, [2015-10-17T08:40:58.022330 #4413] DEBUG -- : REQUESTING PAGE: GET / with {} and HTTP headers {}
D, [2015-10-17T08:40:58.120605 #4413] DEBUG -- : REQUESTING PAGE: POST /bienvenida with {"nombre"=>"Israel"} and HTTP headers {"HTTP_REFERER"=>"/"}
D, [2015-10-17T08:41:37.200321 #4421] DEBUG -- : REQUESTING PAGE: GET / with {} and HTTP headers {}
D, [2015-10-17T08:41:37.287037 #4421] DEBUG -- : REQUESTING PAGE: POST /bienvenida with {"nombre"=>"Israel"} and HTTP headers {"HTTP_REFERER"=>"/"}
D, [2015-10-17T08:42:07.479858 #4427] DEBUG -- : REQUESTING PAGE: GET / with {} and HTTP headers {}
D, [2015-10-17T08:42:07.576948 #4427] DEBUG -- : REQUESTING PAGE: POST /bienvenida with {"nombre"=>"Israel"} and HTTP headers {"HTTP_REFERER"=>"/"}
D, [2015-10-17T08:46:32.942887 #4478] DEBUG -- : REQUESTING PAGE: GET / with {} and HTTP headers {}
D, [2015-10-17T08:46:33.014259 #4478] DEBUG -- : REQUESTING PAGE: POST /bienvenida with {"nombre"=>"Israel"} and HTTP headers {"HTTP_REFERER"=>"/"}
D, [2015-10-23T15:24:21.756394 #21060] DEBUG -- : REQUESTING PAGE: GET / with {} and HTTP headers {}
D, [2015-10-23T15:24:21.858267 #21060] DEBUG -- : REQUESTING PAGE: POST /bienvenida with {"nombre"=>"Israel"} and HTTP headers {"HTTP_REFERER"=>"/"}
D, [2015-10-23T15:28:59.727566 #5836] DEBUG -- : REQUESTING PAGE: GET / with {} and HTTP headers {}
D, [2015-10-23T15:28:59.773569 #5836] DEBUG -- : REQUESTING PAGE: POST /bienvenida with {"nombre"=>"Israel"} and HTTP headers {"HTTP_REFERER"=>"/"}
D, [2015-10-23T15:29:21.018846 #16700] DEBUG -- : REQUESTING PAGE: GET / with {} and HTTP headers {}
D, [2015-10-23T15:29:21.085849 #16700] DEBUG -- : REQUESTING PAGE: POST /bienvenida with {"nombre"=>"Israel"} and HTTP headers {"HTTP_REFERER"=>"/"}
D, [2015-10-23T15:30:15.490364 #23084] DEBUG -- : REQUESTING PAGE: GET / with {} and HTTP headers {}
D, [2015-10-23T15:30:15.536367 #23084] DEBUG -- : REQUESTING PAGE: POST /bienvenida with {"nombre"=>"Israel"} and HTTP headers {"HTTP_REFERER"=>"/"}
D, [2015-10-23T15:31:31.952330 #14012] DEBUG -- : REQUESTING PAGE: GET / with {} and HTTP headers {}
D, [2015-10-23T15:31:32.018334 #14012] DEBUG -- : REQUESTING PAGE: POST /bienvenida with {"nombre"=>"Israel"} and HTTP headers {"HTTP_REFERER"=>"/"}
D, [2015-10-25T16:14:38.757833 #31204] DEBUG -- : REQUESTING PAGE: GET / with {} and HTTP headers {}
D, [2015-10-25T16:14:39.648834 #31204] DEBUG -- : REQUESTING PAGE: POST /bienvenida with {"nombre"=>"Israel"} and HTTP headers {"HTTP_REFERER"=>"/"}
D, [2015-10-25T16:17:10.581794 #9052] DEBUG -- : REQUESTING PAGE: GET / with {} and HTTP headers {}
D, [2015-10-25T16:18:04.612992 #33092] DEBUG -- : REQUESTING PAGE: GET / with {} and HTTP headers {}
D, [2015-10-25T16:18:04.702998 #33092] DEBUG -- : REQUESTING PAGE: POST /bienvenida with {"nombre"=>"Israel"} and HTTP headers {"HTTP_REFERER"=>"/"}
D, [2015-10-25T16:18:04.734999 #33092] DEBUG -- : REQUESTING PAGE: GET / with {} and HTTP headers {}
D, [2015-10-25T16:19:24.342137 #29916] DEBUG -- : REQUESTING PAGE: GET / with {} and HTTP headers {}
D, [2015-10-25T16:19:24.432144 #29916] DEBUG -- : REQUESTING PAGE: POST /bienvenida with {"nombre"=>"Israel"} and HTTP headers {"HTTP_REFERER"=>"/"}
D, [2015-10-25T16:19:24.463145 #29916] DEBUG -- : REQUESTING PAGE: GET / with {} and HTTP headers {}
D, [2015-10-25T16:20:01.086899 #29356] DEBUG -- : REQUESTING PAGE: GET / with {} and HTTP headers {}
D, [2015-10-25T16:20:01.191905 #29356] DEBUG -- : REQUESTING PAGE: POST /bienvenida with {"nombre"=>"Israel"} and HTTP headers {"HTTP_REFERER"=>"/"}
D, [2015-10-25T16:20:01.227907 #29356] DEBUG -- : REQUESTING PAGE: GET / with {} and HTTP headers {}
D, [2015-10-25T16:20:14.478901 #34072] DEBUG -- : REQUESTING PAGE: GET / with {} and HTTP headers {}
D, [2015-10-25T16:20:14.580908 #34072] DEBUG -- : REQUESTING PAGE: POST /bienvenida with {"nombre"=>"Israel"} and HTTP headers {"HTTP_REFERER"=>"/"}
D, [2015-10-25T16:20:14.616910 #34072] DEBUG -- : REQUESTING PAGE: GET / with {} and HTTP headers {}
D, [2015-10-25T16:20:14.638911 #34072] DEBUG -- : REQUESTING PAGE: POST /anota with {} and HTTP headers {"HTTP_REFERER"=>"/"}
D, [2015-10-25T16:23:19.829921 #18712] DEBUG -- : REQUESTING PAGE: GET / with {} and HTTP headers {}
D, [2015-10-25T16:23:19.913926 #18712] DEBUG -- : REQUESTING PAGE: POST /bienvenida with {"nombre"=>"Israel"} and HTTP headers {"HTTP_REFERER"=>"/"}
D, [2015-10-25T16:23:19.943928 #18712] DEBUG -- : REQUESTING PAGE: GET / with {} and HTTP headers {}
D, [2015-10-25T16:23:19.968930 #18712] DEBUG -- : REQUESTING PAGE: POST /anota with {} and HTTP headers {"HTTP_REFERER"=>"/"}
D, [2015-10-25T16:24:33.267932 #4388] DEBUG -- : REQUESTING PAGE: GET / with {} and HTTP headers {}
D, [2015-10-25T16:24:33.361557 #4388] DEBUG -- : REQUESTING PAGE: POST /bienvenida with {"nombre"=>"Israel"} and HTTP headers {"HTTP_REFERER"=>"/"}
D, [2015-10-25T16:24:33.386558 #4388] DEBUG -- : REQUESTING PAGE: GET / with {} and HTTP headers {}
D, [2015-10-25T16:24:33.417561 #4388] DEBUG -- : REQUESTING PAGE: POST /anota with {} and HTTP headers {"HTTP_REFERER"=>"/"}
D, [2015-10-25T16:25:00.309931 #21104] DEBUG -- : REQUESTING PAGE: GET / with {} and HTTP headers {}
D, [2015-10-25T16:25:00.420937 #21104] DEBUG -- : REQUESTING PAGE: POST /bienvenida with {"nombre"=>"Israel"} and HTTP headers {"HTTP_REFERER"=>"/"}
D, [2015-10-25T16:25:00.451938 #21104] DEBUG -- : REQUESTING PAGE: GET / with {} and HTTP headers {}
D, [2015-10-25T16:25:00.471939 #21104] DEBUG -- : REQUESTING PAGE: POST /anota with {} and HTTP headers {"HTTP_REFERER"=>"/"}
D, [2015-10-25T16:25:47.815905 #21596] DEBUG -- : REQUESTING PAGE: GET / with {} and HTTP headers {}
D, [2015-10-25T16:25:47.892910 #21596] DEBUG -- : REQUESTING PAGE: POST /bienvenida with {"nombre"=>"Israel"} and HTTP headers {"HTTP_REFERER"=>"/"}
D, [2015-10-25T16:25:47.928476 #21596] DEBUG -- : REQUESTING PAGE: GET / with {} and HTTP headers {}
D, [2015-10-25T16:25:47.948477 #21596] DEBUG -- : REQUESTING PAGE: POST /anota with {} and HTTP headers {"HTTP_REFERER"=>"/"}
D, [2015-10-25T16:25:47.971479 #21596] DEBUG -- : REQUESTING PAGE: GET / with {} and HTTP headers {}
D, [2015-10-25T16:25:47.990481 #21596] DEBUG -- : REQUESTING PAGE: POST /anota2 with {} and HTTP headers {"HTTP_REFERER"=>"/"}
D, [2015-10-25T16:26:20.776834 #33752] DEBUG -- : REQUESTING PAGE: GET / with {} and HTTP headers {}
D, [2015-10-25T16:26:20.871841 #33752] DEBUG -- : REQUESTING PAGE: POST /bienvenida with {"nombre"=>"Israel"} and HTTP headers {"HTTP_REFERER"=>"/"}
D, [2015-10-25T16:26:20.895842 #33752] DEBUG -- : REQUESTING PAGE: GET / with {} and HTTP headers {}
D, [2015-10-25T16:26:20.957845 #33752] DEBUG -- : REQUESTING PAGE: GET / with {} and HTTP headers {}
D, [2015-10-25T16:26:20.976846 #33752] DEBUG -- : REQUESTING PAGE: POST /anota2 with {} and HTTP headers {"HTTP_REFERER"=>"/"}
D, [2015-10-25T16:27:15.655272 #2836] DEBUG -- : REQUESTING PAGE: GET / with {} and HTTP headers {}
D, [2015-10-25T16:27:15.738277 #2836] DEBUG -- : REQUESTING PAGE: POST /bienvenida with {"nombre"=>"Israel"} and HTTP headers {"HTTP_REFERER"=>"/"}
D, [2015-10-25T16:27:15.776280 #2836] DEBUG -- : REQUESTING PAGE: GET / with {} and HTTP headers {}
D, [2015-10-25T16:27:15.839566 #2836] DEBUG -- : REQUESTING PAGE: GET / with {} and HTTP headers {}
D, [2015-10-25T16:27:15.862569 #2836] DEBUG -- : REQUESTING PAGE: POST /anota2 with {} and HTTP headers {"HTTP_REFERER"=>"/"}
D, [2015-10-25T16:27:54.460271 #29752] DEBUG -- : REQUESTING PAGE: GET / with {} and HTTP headers {}
D, [2015-10-25T16:27:54.543275 #29752] DEBUG -- : REQUESTING PAGE: POST /bienvenida with {"nombre"=>"Israel"} and HTTP headers {"HTTP_REFERER"=>"/"}
D, [2015-10-25T16:27:54.574113 #29752] DEBUG -- : REQUESTING PAGE: GET / with {} and HTTP headers {}
D, [2015-10-25T16:27:54.595119 #29752] DEBUG -- : REQUESTING PAGE: POST /anota with {} and HTTP headers {"HTTP_REFERER"=>"/"}
D, [2015-10-25T16:27:54.621122 #29752] DEBUG -- : REQUESTING PAGE: GET / with {} and HTTP headers {}
D, [2015-10-25T16:28:12.379270 #28912] DEBUG -- : REQUESTING PAGE: GET / with {} and HTTP headers {}
D, [2015-10-25T16:28:12.466274 #28912] DEBUG -- : REQUESTING PAGE: POST /bienvenida with {"nombre"=>"Israel"} and HTTP headers {"HTTP_REFERER"=>"/"}
D, [2015-10-25T16:28:12.497276 #28912] DEBUG -- : REQUESTING PAGE: GET / with {} and HTTP headers {}
D, [2015-10-25T16:28:12.517277 #28912] DEBUG -- : REQUESTING PAGE: POST /anota with {} and HTTP headers {"HTTP_REFERER"=>"/"}
D, [2015-10-25T16:28:12.545279 #28912] DEBUG -- : REQUESTING PAGE: GET / with {} and HTTP headers {}
D, [2015-10-25T16:28:12.590282 #28912] DEBUG -- : REQUESTING PAGE: POST /anota2 with {} and HTTP headers {"HTTP_REFERER"=>"/"}
D, [2015-10-25T16:33:02.070708 #17940] DEBUG -- : REQUESTING PAGE: GET / with {} and HTTP headers {}
D, [2015-10-25T16:33:02.166715 #17940] DEBUG -- : REQUESTING PAGE: POST /bienvenida with {"nombre"=>"Israel"} and HTTP headers {"HTTP_REFERER"=>"/"}
D, [2015-10-25T16:33:02.198716 #17940] DEBUG -- : REQUESTING PAGE: GET / with {} and HTTP headers {}
D, [2015-10-25T16:33:02.224718 #17940] DEBUG -- : REQUESTING PAGE: POST /anota with {} and HTTP headers {"HTTP_REFERER"=>"/"}
D, [2015-10-25T16:33:22.293946 #18352] DEBUG -- : REQUESTING PAGE: GET / with {} and HTTP headers {}
D, [2015-10-25T16:33:22.372950 #18352] DEBUG -- : REQUESTING PAGE: POST /bienvenida with {"nombre"=>"Israel"} and HTTP headers {"HTTP_REFERER"=>"/"}
D, [2015-10-25T16:33:22.402952 #18352] DEBUG -- : REQUESTING PAGE: GET / with {} and HTTP headers {}
D, [2015-10-25T16:33:22.422954 #18352] DEBUG -- : REQUESTING PAGE: POST /anota with {} and HTTP headers {"HTTP_REFERER"=>"/"}
D, [2015-10-25T16:33:49.786820 #29768] DEBUG -- : REQUESTING PAGE: GET / with {} and HTTP headers {}
D, [2015-10-25T16:33:49.870824 #29768] DEBUG -- : REQUESTING PAGE: POST /bienvenida with {"nombre"=>"Israel"} and HTTP headers {"HTTP_REFERER"=>"/"}
D, [2015-10-25T16:33:49.910417 #29768] DEBUG -- : REQUESTING PAGE: GET / with {} and HTTP headers {}
D, [2015-10-25T16:33:49.929420 #29768] DEBUG -- : REQUESTING PAGE: POST /anota with {} and HTTP headers {"HTTP_REFERER"=>"/"}
D, [2015-10-25T16:33:56.662691 #28972] DEBUG -- : REQUESTING PAGE: GET / with {} and HTTP headers {}
D, [2015-10-25T16:33:56.758696 #28972] DEBUG -- : REQUESTING PAGE: POST /bienvenida with {"nombre"=>"Israel"} and HTTP headers {"HTTP_REFERER"=>"/"}
D, [2015-10-25T16:33:56.790698 #28972] DEBUG -- : REQUESTING PAGE: GET / with {} and HTTP headers {}
D, [2015-10-25T16:33:56.811554 #28972] DEBUG -- : REQUESTING PAGE: POST /anota with {} and HTTP headers {"HTTP_REFERER"=>"/"}
D, [2015-10-25T16:34:18.508749 #31172] DEBUG -- : REQUESTING PAGE: GET / with {} and HTTP headers {}
D, [2015-10-25T16:34:18.638757 #31172] DEBUG -- : REQUESTING PAGE: POST /bienvenida with {"nombre"=>"Israel"} and HTTP headers {"HTTP_REFERER"=>"/"}
D, [2015-10-25T16:34:18.676758 #31172] DEBUG -- : REQUESTING PAGE: GET / with {} and HTTP headers {}
D, [2015-10-25T16:34:18.713762 #31172] DEBUG -- : REQUESTING PAGE: POST /anota with {} and HTTP headers {"HTTP_REFERER"=>"/"}
D, [2015-10-25T16:34:48.688201 #32560] DEBUG -- : REQUESTING PAGE: GET / with {} and HTTP headers {}
D, [2015-10-25T16:34:48.784208 #32560] DEBUG -- : REQUESTING PAGE: POST /bienvenida with {"nombre"=>"Israel"} and HTTP headers {"HTTP_REFERER"=>"/"}
D, [2015-10-25T16:34:48.816209 #32560] DEBUG -- : REQUESTING PAGE: GET / with {} and HTTP headers {}
D, [2015-10-25T16:34:48.836210 #32560] DEBUG -- : REQUESTING PAGE: POST /anota with {} and HTTP headers {"HTTP_REFERER"=>"/"}
D, [2015-10-25T16:35:12.808527 #30456] DEBUG -- : REQUESTING PAGE: GET / with {} and HTTP headers {}
D, [2015-10-25T16:35:13.116545 #30456] DEBUG -- : REQUESTING PAGE: GET / with {} and HTTP headers {}
D, [2015-10-25T16:35:33.851660 #31188] DEBUG -- : REQUESTING PAGE: GET / with {} and HTTP headers {}
D, [2015-10-25T16:35:33.933664 #31188] DEBUG -- : REQUESTING PAGE: POST /bienvenida with {"nombre"=>"Israel"} and HTTP headers {"HTTP_REFERER"=>"/"}
D, [2015-10-25T16:35:33.965668 #31188] DEBUG -- : REQUESTING PAGE: GET / with {} and HTTP headers {}
D, [2015-10-25T16:35:33.987669 #31188] DEBUG -- : REQUESTING PAGE: POST /anota with {} and HTTP headers {"HTTP_REFERER"=>"/"}
D, [2015-10-25T16:36:10.662723 #20392] DEBUG -- : REQUESTING PAGE: GET / with {} and HTTP headers {}
D, [2015-10-25T16:36:10.758730 #20392] DEBUG -- : REQUESTING PAGE: POST /bienvenida with {"nombre"=>"Israel"} and HTTP headers {"HTTP_REFERER"=>"/"}
D, [2015-10-25T16:36:10.785730 #20392] DEBUG -- : REQUESTING PAGE: GET / with {} and HTTP headers {}
D, [2015-10-25T16:36:10.806731 #20392] DEBUG -- : REQUESTING PAGE: POST /anota with {} and HTTP headers {"HTTP_REFERER"=>"/"}
D, [2015-10-25T16:41:33.517193 #14100] DEBUG -- : REQUESTING PAGE: GET / with {} and HTTP headers {}
D, [2015-10-25T16:41:33.607013 #14100] DEBUG -- : REQUESTING PAGE: POST /bienvenida with {"nombre"=>"Israel"} and HTTP headers {"HTTP_REFERER"=>"/"}
D, [2015-10-25T16:41:33.638014 #14100] DEBUG -- : REQUESTING PAGE: GET / with {} and HTTP headers {}
D, [2015-10-25T16:41:33.657015 #14100] DEBUG -- : REQUESTING PAGE: POST /anota with {"puntaje 1"=>"0"} and HTTP headers {"HTTP_REFERER"=>"/"}
D, [2015-10-25T16:42:21.431931 #34112] DEBUG -- : REQUESTING PAGE: GET / with {} and HTTP headers {}
D, [2015-10-25T16:42:21.511936 #34112] DEBUG -- : REQUESTING PAGE: POST /bienvenida with {"nombre"=>"Israel"} and HTTP headers {"HTTP_REFERER"=>"/"}
D, [2015-10-25T16:42:21.544938 #34112] DEBUG -- : REQUESTING PAGE: GET / with {} and HTTP headers {}
D, [2015-10-25T16:42:21.568937 #34112] DEBUG -- : REQUESTING PAGE: POST /anota with {"puntaje1"=>"0"} and HTTP headers {"HTTP_REFERER"=>"/"}
D, [2015-10-25T16:43:03.420191 #23368] DEBUG -- : REQUESTING PAGE: GET / with {} and HTTP headers {}
D, [2015-10-25T16:43:03.552199 #23368] DEBUG -- : REQUESTING PAGE: POST /bienvenida with {"nombre"=>"Israel"} and HTTP headers {"HTTP_REFERER"=>"/"}
D, [2015-10-25T16:43:03.600202 #23368] DEBUG -- : REQUESTING PAGE: GET / with {} and HTTP headers {}
D, [2015-10-25T16:43:03.626203 #23368] DEBUG -- : REQUESTING PAGE: POST /anota with {"puntaje1"=>"0"} and HTTP headers {"HTTP_REFERER"=>"/"}
D, [2015-10-25T16:43:32.071211 #22692] DEBUG -- : REQUESTING PAGE: GET / with {} and HTTP headers {}
D, [2015-10-25T16:43:32.188219 #22692] DEBUG -- : REQUESTING PAGE: POST /bienvenida with {"nombre"=>"Israel"} and HTTP headers {"HTTP_REFERER"=>"/"}
D, [2015-10-25T16:43:32.218219 #22692] DEBUG -- : REQUESTING PAGE: GET / with {} and HTTP headers {}
D, [2015-10-25T16:43:32.238062 #22692] DEBUG -- : REQUESTING PAGE: POST /anota with {"puntaje1"=>"15"} and HTTP headers {"HTTP_REFERER"=>"/"}
D, [2015-10-25T16:44:48.978214 #12576] DEBUG -- : REQUESTING PAGE: GET / with {} and HTTP headers {}
D, [2015-10-25T16:44:49.061010 #12576] DEBUG -- : REQUESTING PAGE: POST /bienvenida with {"nombre"=>"Israel"} and HTTP headers {"HTTP_REFERER"=>"/"}
D, [2015-10-25T16:44:49.091012 #12576] DEBUG -- : REQUESTING PAGE: GET / with {} and HTTP headers {}
D, [2015-10-25T16:44:49.124014 #12576] DEBUG -- : REQUESTING PAGE: GET / with {} and HTTP headers {}
D, [2015-10-25T16:44:49.146015 #12576] DEBUG -- : REQUESTING PAGE: POST /anota with {"puntaje1"=>"0"} and HTTP headers {"HTTP_REFERER"=>"/"}
D, [2015-10-25T16:44:54.668220 #30612] DEBUG -- : REQUESTING PAGE: GET / with {} and HTTP headers {}
D, [2015-10-25T16:44:54.755225 #30612] DEBUG -- : REQUESTING PAGE: POST /bienvenida with {"nombre"=>"Israel"} and HTTP headers {"HTTP_REFERER"=>"/"}
D, [2015-10-25T16:44:54.782226 #30612] DEBUG -- : REQUESTING PAGE: GET / with {} and HTTP headers {}
D, [2015-10-25T16:44:54.810229 #30612] DEBUG -- : REQUESTING PAGE: GET / with {} and HTTP headers {}
D, [2015-10-25T16:44:54.830230 #30612] DEBUG -- : REQUESTING PAGE: POST /anota with {"puntaje1"=>"0"} and HTTP headers {"HTTP_REFERER"=>"/"}
D, [2015-10-25T16:45:38.238074 #30164] DEBUG -- : REQUESTING PAGE: GET / with {} and HTTP headers {}
D, [2015-10-25T16:45:38.328079 #30164] DEBUG -- : REQUESTING PAGE: POST /bienvenida with {"nombre"=>"Israel"} and HTTP headers {"HTTP_REFERER"=>"/"}
D, [2015-10-25T16:45:38.356080 #30164] DEBUG -- : REQUESTING PAGE: GET / with {} and HTTP headers {}
D, [2015-10-25T16:45:38.388082 #30164] DEBUG -- : REQUESTING PAGE: GET / with {} and HTTP headers {}
D, [2015-10-25T16:45:38.410083 #30164] DEBUG -- : REQUESTING PAGE: POST /anota with {"puntaje1"=>"0"} and HTTP headers {"HTTP_REFERER"=>"/"}
D, [2015-10-25T16:46:11.309221 #29608] DEBUG -- : REQUESTING PAGE: GET / with {} and HTTP headers {}
D, [2015-10-25T16:46:11.396227 #29608] DEBUG -- : REQUESTING PAGE: POST /bienvenida with {"nombre"=>"Israel"} and HTTP headers {"HTTP_REFERER"=>"/"}
D, [2015-10-25T16:46:11.426228 #29608] DEBUG -- : REQUESTING PAGE: GET / with {} and HTTP headers {}
D, [2015-10-25T16:46:11.465232 #29608] DEBUG -- : REQUESTING PAGE: GET / with {} and HTTP headers {}
D, [2015-10-25T16:46:11.485005 #29608] DEBUG -- : REQUESTING PAGE: POST /anota with {"puntaje1"=>"0"} and HTTP headers {"HTTP_REFERER"=>"/"}
D, [2015-10-25T16:46:42.884225 #28716] DEBUG -- : REQUESTING PAGE: GET / with {} and HTTP headers {}
D, [2015-10-25T16:46:42.969230 #28716] DEBUG -- : REQUESTING PAGE: POST /bienvenida with {"nombre"=>"Israel"} and HTTP headers {"HTTP_REFERER"=>"/"}
D, [2015-10-25T16:46:43.001231 #28716] DEBUG -- : REQUESTING PAGE: GET / with {} and HTTP headers {}
D, [2015-10-25T16:46:43.064234 #28716] DEBUG -- : REQUESTING PAGE: GET / with {} and HTTP headers {}
D, [2015-10-25T16:46:43.099238 #28716] DEBUG -- : REQUESTING PAGE: POST /anota with {"puntaje1"=>"0"} and HTTP headers {"HTTP_REFERER"=>"/"}
D, [2015-10-25T16:48:08.858225 #31508] DEBUG -- : REQUESTING PAGE: GET / with {} and HTTP headers {}
D, [2015-10-25T16:48:08.945228 #31508] DEBUG -- : REQUESTING PAGE: POST /bienvenida with {"nombre"=>"Israel"} and HTTP headers {"HTTP_REFERER"=>"/"}
D, [2015-10-25T16:48:08.976458 #31508] DEBUG -- : REQUESTING PAGE: GET / with {} and HTTP headers {}
D, [2015-10-25T16:48:09.016461 #31508] DEBUG -- : REQUESTING PAGE: GET / with {} and HTTP headers {}
D, [2015-10-25T16:48:09.036461 #31508] DEBUG -- : REQUESTING PAGE: POST /anota with {"puntaje1"=>"0"} and HTTP headers {"HTTP_REFERER"=>"/"}
D, [2015-10-25T16:49:07.490479 #34192] DEBUG -- : REQUESTING PAGE: GET / with {} and HTTP headers {}
D, [2015-10-25T16:49:07.579484 #34192] DEBUG -- : REQUESTING PAGE: POST /bienvenida with {"nombre"=>"Israel"} and HTTP headers {"HTTP_REFERER"=>"/"}
D, [2015-10-25T16:49:07.608487 #34192] DEBUG -- : REQUESTING PAGE: GET / with {} and HTTP headers {}
D, [2015-10-25T16:49:07.647489 #34192] DEBUG -- : REQUESTING PAGE: GET / with {} and HTTP headers {}
D, [2015-10-25T16:49:07.669490 #34192] DEBUG -- : REQUESTING PAGE: POST /anota with {"puntaje1"=>"0"} and HTTP headers {"HTTP_REFERER"=>"/"}
D, [2015-10-25T16:50:46.702137 #32932] DEBUG -- : REQUESTING PAGE: GET / with {} and HTTP headers {}
D, [2015-10-25T16:50:46.804143 #32932] DEBUG -- : REQUESTING PAGE: POST /bienvenida with {"nombre"=>"Israel"} and HTTP headers {"HTTP_REFERER"=>"/"}
D, [2015-10-25T16:50:46.836147 #32932] DEBUG -- : REQUESTING PAGE: GET / with {} and HTTP headers {}
D, [2015-10-25T16:50:46.857145 #32932] DEBUG -- : REQUESTING PAGE: POST /anota with {"puntaje1"=>"0"} and HTTP headers {"HTTP_REFERER"=>"/"}
D, [2015-10-25T16:51:22.421122 #29424] DEBUG -- : REQUESTING PAGE: GET / with {} and HTTP headers {}
D, [2015-10-25T16:51:22.513129 #29424] DEBUG -- : REQUESTING PAGE: POST /bienvenida with {"nombre"=>"Israel"} and HTTP headers {"HTTP_REFERER"=>"/"}
D, [2015-10-25T16:51:22.545130 #29424] DEBUG -- : REQUESTING PAGE: GET / with {} and HTTP headers {}
D, [2015-10-25T16:51:22.567546 #29424] DEBUG -- : REQUESTING PAGE: POST /anota with {"puntaje1"=>"0"} and HTTP headers {"HTTP_REFERER"=>"/"}
D, [2015-10-25T16:51:22.590548 #29424] DEBUG -- : REQUESTING PAGE: GET / with {} and HTTP headers {}
D, [2015-10-25T16:51:22.613548 #29424] DEBUG -- : REQUESTING PAGE: POST /anota2 with {"puntaje2"=>"0"} and HTTP headers {"HTTP_REFERER"=>"/"}
D, [2015-10-25T16:51:44.049126 #1112] DEBUG -- : REQUESTING PAGE: GET / with {} and HTTP headers {}
D, [2015-10-25T16:51:44.144132 #1112] DEBUG -- : REQUESTING PAGE: POST /bienvenida with {"nombre"=>"Israel"} and HTTP headers {"HTTP_REFERER"=>"/"}
D, [2015-10-25T16:51:44.176134 #1112] DEBUG -- : REQUESTING PAGE: GET / with {} and HTTP headers {}
D, [2015-10-25T16:51:44.197135 #1112] DEBUG -- : REQUESTING PAGE: POST /anota with {"puntaje1"=>"0"} and HTTP headers {"HTTP_REFERER"=>"/"}
D, [2015-10-25T16:51:44.222136 #1112] DEBUG -- : REQUESTING PAGE: GET / with {} and HTTP headers {}
D, [2015-10-25T16:51:44.243137 #1112] DEBUG -- : REQUESTING PAGE: POST /anota2 with {"puntaje2"=>"0"} and HTTP headers {"HTTP_REFERER"=>"/"}
D, [2015-10-25T16:53:14.405127 #22376] DEBUG -- : REQUESTING PAGE: GET / with {} and HTTP headers {}
D, [2015-10-25T16:53:14.534134 #22376] DEBUG -- : REQUESTING PAGE: POST /bienvenida with {"nombre"=>"Israel"} and HTTP headers {"HTTP_REFERER"=>"/"}
D, [2015-10-25T16:53:14.596141 #22376] DEBUG -- : REQUESTING PAGE: GET / with {} and HTTP headers {}
D, [2015-10-25T16:53:14.657145 #22376] DEBUG -- : REQUESTING PAGE: GET / with {} and HTTP headers {}
D, [2015-10-25T16:53:14.711145 #22376] DEBUG -- : REQUESTING PAGE: POST /anota with {"puntaje1"=>"0"} and HTTP headers {"HTTP_REFERER"=>"/"}
D, [2015-10-25T16:53:19.344285 #31972] DEBUG -- : REQUESTING PAGE: GET / with {} and HTTP headers {}
D, [2015-10-25T16:53:19.424290 #31972] DEBUG -- : REQUESTING PAGE: POST /bienvenida with {"nombre"=>"Israel"} and HTTP headers {"HTTP_REFERER"=>"/"}
D, [2015-10-25T16:53:19.449291 #31972] DEBUG -- : REQUESTING PAGE: GET / with {} and HTTP headers {}
D, [2015-10-25T16:53:19.477293 #31972] DEBUG -- : REQUESTING PAGE: GET / with {} and HTTP headers {}
D, [2015-10-25T16:53:19.495993 #31972] DEBUG -- : REQUESTING PAGE: POST /anota with {"puntaje1"=>"0"} and HTTP headers {"HTTP_REFERER"=>"/"}
D, [2015-10-25T16:53:57.128282 #34792] DEBUG -- : REQUESTING PAGE: GET / with {} and HTTP headers {}
D, [2015-10-25T16:53:57.213286 #34792] DEBUG -- : REQUESTING PAGE: POST /bienvenida with {"nombre"=>"Israel"} and HTTP headers {"HTTP_REFERER"=>"/"}
D, [2015-10-25T16:53:57.245086 #34792] DEBUG -- : REQUESTING PAGE: GET / with {} and HTTP headers {}
D, [2015-10-25T16:53:57.293089 #34792] DEBUG -- : REQUESTING PAGE: GET / with {} and HTTP headers {}
D, [2015-10-25T16:53:57.315089 #34792] DEBUG -- : REQUESTING PAGE: POST /anota with {"puntaje1"=>"0"} and HTTP headers {"HTTP_REFERER"=>"/"}
D, [2015-10-25T16:54:52.413297 #24260] DEBUG -- : REQUESTING PAGE: GET / with {} and HTTP headers {}
D, [2015-10-25T16:54:52.541305 #24260] DEBUG -- : REQUESTING PAGE: POST /bienvenida with {"nombre"=>"Israel"} and HTTP headers {"HTTP_REFERER"=>"/"}
D, [2015-10-25T16:54:52.581309 #24260] DEBUG -- : REQUESTING PAGE: GET / with {} and HTTP headers {}
D, [2015-10-25T16:54:52.632310 #24260] DEBUG -- : REQUESTING PAGE: GET / with {} and HTTP headers {}
D, [2015-10-25T16:54:52.655311 #24260] DEBUG -- : REQUESTING PAGE: POST /anota with {"puntaje1"=>"0"} and HTTP headers {"HTTP_REFERER"=>"/"}
D, [2015-10-25T16:55:45.291311 #24508] DEBUG -- : REQUESTING PAGE: GET / with {} and HTTP headers {}
D, [2015-10-25T16:55:45.453321 #24508] DEBUG -- : REQUESTING PAGE: POST /bienvenida with {"nombre"=>"Israel"} and HTTP headers {"HTTP_REFERER"=>"/"}
D, [2015-10-25T16:55:45.494322 #24508] DEBUG -- : REQUESTING PAGE: GET / with {} and HTTP headers {}
D, [2015-10-25T16:55:45.580326 #24508] DEBUG -- : REQUESTING PAGE: GET / with {} and HTTP headers {}
D, [2015-10-25T16:55:45.609329 #24508] DEBUG -- : REQUESTING PAGE: POST /anota with {"puntaje1"=>"0"} and HTTP headers {"HTTP_REFERER"=>"/"}
D, [2015-10-25T16:57:08.202957 #32548] DEBUG -- : REQUESTING PAGE: GET / with {} and HTTP headers {}
D, [2015-10-25T16:57:08.297963 #32548] DEBUG -- : REQUESTING PAGE: POST /bienvenida with {"nombre"=>"Israel"} and HTTP headers {"HTTP_REFERER"=>"/"}
D, [2015-10-25T16:57:08.326965 #32548] DEBUG -- : REQUESTING PAGE: GET / with {} and HTTP headers {}
D, [2015-10-25T16:57:08.383105 #32548] DEBUG -- : REQUESTING PAGE: GET / with {} and HTTP headers {}
D, [2015-10-25T16:57:08.406105 #32548] DEBUG -- : REQUESTING PAGE: POST /anota with {"puntaje1"=>"0"} and HTTP headers {"HTTP_REFERER"=>"/"}
D, [2015-10-25T16:57:21.627325 #19168] DEBUG -- : REQUESTING PAGE: GET / with {} and HTTP headers {}
D, [2015-10-25T16:57:21.717331 #19168] DEBUG -- : REQUESTING PAGE: POST /bienvenida with {"nombre"=>"Israel"} and HTTP headers {"HTTP_REFERER"=>"/"}
D, [2015-10-25T16:57:21.765334 #19168] DEBUG -- : REQUESTING PAGE: GET / with {} and HTTP headers {}
D, [2015-10-25T16:57:21.823338 #19168] DEBUG -- : REQUESTING PAGE: GET / with {} and HTTP headers {}
D, [2015-10-25T16:57:21.853339 #19168] DEBUG -- : REQUESTING PAGE: POST /anota with {"puntaje1"=>"0"} and HTTP headers {"HTTP_REFERER"=>"/"}
D, [2015-10-25T16:57:57.907591 #29924] DEBUG -- : REQUESTING PAGE: GET / with {} and HTTP headers {}
D, [2015-10-25T16:57:57.994595 #29924] DEBUG -- : REQUESTING PAGE: POST /bienvenida with {"nombre"=>"Israel"} and HTTP headers {"HTTP_REFERER"=>"/"}
D, [2015-10-25T16:57:58.024598 #29924] DEBUG -- : REQUESTING PAGE: GET / with {} and HTTP headers {}
D, [2015-10-25T16:57:58.055599 #29924] DEBUG -- : REQUESTING PAGE: POST /score with {} and HTTP headers {"HTTP_REFERER"=>"/"}
D, [2015-10-25T16:57:58.256573 #29924] DEBUG -- : REQUESTING PAGE: GET / with {} and HTTP headers {}
D, [2015-10-25T16:57:58.277322 #29924] DEBUG -- : REQUESTING PAGE: POST /anota with {"puntaje1"=>"0"} and HTTP headers {"HTTP_REFERER"=>"/"}
D, [2015-10-25T16:59:50.436192 #32020] DEBUG -- : REQUESTING PAGE: GET / with {} and HTTP headers {}
D, [2015-10-25T16:59:50.527197 #32020] DEBUG -- : REQUESTING PAGE: POST /bienvenida with {"nombre"=>"Israel"} and HTTP headers {"HTTP_REFERER"=>"/"}
D, [2015-10-25T16:59:50.555200 #32020] DEBUG -- : REQUESTING PAGE: GET / with {} and HTTP headers {}
D, [2015-10-25T16:59:50.577200 #32020] DEBUG -- : REQUESTING PAGE: POST /score with {} and HTTP headers {"HTTP_REFERER"=>"/"}
D, [2015-10-25T16:59:50.600202 #32020] DEBUG -- : REQUESTING PAGE: GET / with {} and HTTP headers {}
D, [2015-10-25T16:59:50.622203 #32020] DEBUG -- : REQUESTING PAGE: POST /anota with {"puntaje1"=>"0"} and HTTP headers {"HTTP_REFERER"=>"/"}
D, [2015-10-25T17:00:27.546359 #17608] DEBUG -- : REQUESTING PAGE: GET / with {} and HTTP headers {}
D, [2015-10-25T17:00:27.650365 #17608] DEBUG -- : REQUESTING PAGE: POST /bienvenida with {"nombre"=>"Israel"} and HTTP headers {"HTTP_REFERER"=>"/"}
D, [2015-10-25T17:00:27.723370 #17608] DEBUG -- : REQUESTING PAGE: GET / with {} and HTTP headers {}
D, [2015-10-25T17:00:27.747370 #17608] DEBUG -- : REQUESTING PAGE: POST /score with {} and HTTP headers {"HTTP_REFERER"=>"/"}
D, [2015-10-25T17:00:27.767372 #17608] DEBUG -- : REQUESTING PAGE: GET / with {} and HTTP headers {}
D, [2015-10-25T17:00:27.788372 #17608] DEBUG -- : REQUESTING PAGE: POST /anota with {"puntaje1"=>"0"} and HTTP headers {"HTTP_REFERER"=>"/"}
D, [2015-10-25T17:00:55.429361 #17508] DEBUG -- : REQUESTING PAGE: GET / with {} and HTTP headers {}
D, [2015-10-25T17:00:55.525366 #17508] DEBUG -- : REQUESTING PAGE: POST /bienvenida with {"nombre"=>"Israel"} and HTTP headers {"HTTP_REFERER"=>"/"}
D, [2015-10-25T17:00:55.567368 #17508] DEBUG -- : REQUESTING PAGE: GET / with {} and HTTP headers {}
D, [2015-10-25T17:00:55.594370 #17508] DEBUG -- : REQUESTING PAGE: POST /score with {} and HTTP headers {"HTTP_REFERER"=>"/"}
D, [2015-10-25T17:00:55.622371 #17508] DEBUG -- : REQUESTING PAGE: GET / with {} and HTTP headers {}
D, [2015-10-25T17:00:55.647373 #17508] DEBUG -- : REQUESTING PAGE: POST /anota with {"puntaje1"=>"0"} and HTTP headers {"HTTP_REFERER"=>"/"}
D, [2015-10-25T17:01:03.817372 #34044] DEBUG -- : REQUESTING PAGE: GET / with {} and HTTP headers {}
D, [2015-10-25T17:01:03.912378 #34044] DEBUG -- : REQUESTING PAGE: POST /bienvenida with {"nombre"=>"Israel"} and HTTP headers {"HTTP_REFERER"=>"/"}
D, [2015-10-25T17:01:03.950381 #34044] DEBUG -- : REQUESTING PAGE: GET / with {} and HTTP headers {}
D, [2015-10-25T17:01:03.976382 #34044] DEBUG -- : REQUESTING PAGE: POST /score with {} and HTTP headers {"HTTP_REFERER"=>"/"}
D, [2015-10-25T17:01:04.010385 #34044] DEBUG -- : REQUESTING PAGE: GET / with {} and HTTP headers {}
D, [2015-10-25T17:01:04.059387 #34044] DEBUG -- : REQUESTING PAGE: POST /anota with {"puntaje1"=>"0"} and HTTP headers {"HTTP_REFERER"=>"/"}
D, [2015-10-25T17:02:12.618878 #20716] DEBUG -- : REQUESTING PAGE: GET / with {} and HTTP headers {}
D, [2015-10-25T17:02:12.753885 #20716] DEBUG -- : REQUESTING PAGE: POST /bienvenida with {"nombre"=>"Israel"} and HTTP headers {"HTTP_REFERER"=>"/"}
D, [2015-10-25T17:02:12.790889 #20716] DEBUG -- : REQUESTING PAGE: GET / with {} and HTTP headers {}
D, [2015-10-25T17:02:12.813889 #20716] DEBUG -- : REQUESTING PAGE: POST /score with {} and HTTP headers {"HTTP_REFERER"=>"/"}
D, [2015-10-25T17:02:12.835890 #20716] DEBUG -- : REQUESTING PAGE: GET / with {} and HTTP headers {}
D, [2015-10-25T17:02:12.857891 #20716] DEBUG -- : REQUESTING PAGE: POST /anota with {"puntaje1"=>"0"} and HTTP headers {"HTTP_REFERER"=>"/"}
D, [2015-10-25T17:02:58.598951 #22148] DEBUG -- : REQUESTING PAGE: GET / with {} and HTTP headers {}
D, [2015-10-25T17:02:58.813963 #22148] DEBUG -- : REQUESTING PAGE: POST /bienvenida with {"nombre"=>"Israel"} and HTTP headers {"HTTP_REFERER"=>"/"}
D, [2015-10-25T17:02:58.854765 #22148] DEBUG -- : REQUESTING PAGE: GET / with {} and HTTP headers {}
D, [2015-10-25T17:02:58.880771 #22148] DEBUG -- : REQUESTING PAGE: POST /score with {} and HTTP headers {"HTTP_REFERER"=>"/"}
D, [2015-10-25T17:02:58.910773 #22148] DEBUG -- : REQUESTING PAGE: GET / with {} and HTTP headers {}
D, [2015-10-25T17:02:58.942735 #22148] DEBUG -- : REQUESTING PAGE: POST /anota with {"puntaje1"=>"0"} and HTTP headers {"HTTP_REFERER"=>"/"}
D, [2015-10-25T17:04:17.589903 #28772] DEBUG -- : REQUESTING PAGE: GET / with {} and HTTP headers {}
D, [2015-10-25T17:04:17.680909 #28772] DEBUG -- : REQUESTING PAGE: POST /bienvenida with {"nombre"=>"Israel"} and HTTP headers {"HTTP_REFERER"=>"/"}
D, [2015-10-25T17:04:17.724348 #28772] DEBUG -- : REQUESTING PAGE: GET / with {} and HTTP headers {}
D, [2015-10-25T17:04:17.744348 #28772] DEBUG -- : REQUESTING PAGE: POST /score with {} and HTTP headers {"HTTP_REFERER"=>"/"}
D, [2015-10-25T17:04:17.830354 #28772] DEBUG -- : REQUESTING PAGE: GET / with {} and HTTP headers {}
D, [2015-10-25T17:04:17.853355 #28772] DEBUG -- : REQUESTING PAGE: POST /anota with {"puntaje1"=>"0"} and HTTP headers {"HTTP_REFERER"=>"/"}
D, [2015-10-25T17:04:27.332924 #33280] DEBUG -- : REQUESTING PAGE: GET / with {} and HTTP headers {}
D, [2015-10-25T17:04:27.419930 #33280] DEBUG -- : REQUESTING PAGE: POST /bienvenida with {"nombre"=>"Israel"} and HTTP headers {"HTTP_REFERER"=>"/"}
D, [2015-10-25T17:04:27.448931 #33280] DEBUG -- : REQUESTING PAGE: GET / with {} and HTTP headers {}
D, [2015-10-25T17:04:27.469933 #33280] DEBUG -- : REQUESTING PAGE: POST /score with {} and HTTP headers {"HTTP_REFERER"=>"/"}
D, [2015-10-25T17:04:27.493935 #33280] DEBUG -- : REQUESTING PAGE: GET / with {} and HTTP headers {}
D, [2015-10-25T17:04:27.516936 #33280] DEBUG -- : REQUESTING PAGE: POST /anota with {"puntaje1"=>"0"} and HTTP headers {"HTTP_REFERER"=>"/"}
D, [2015-10-25T17:06:38.846901 #32772] DEBUG -- : REQUESTING PAGE: GET / with {} and HTTP headers {}
D, [2015-10-25T17:06:38.929906 #32772] DEBUG -- : REQUESTING PAGE: POST /bienvenida with {"nombre"=>"Israel"} and HTTP headers {"HTTP_REFERER"=>"/"}
D, [2015-10-25T17:06:38.961908 #32772] DEBUG -- : REQUESTING PAGE: GET / with {} and HTTP headers {}
D, [2015-10-25T17:06:38.982910 #32772] DEBUG -- : REQUESTING PAGE: POST /score with {} and HTTP headers {"HTTP_REFERER"=>"/"}
D, [2015-10-25T17:06:39.004910 #32772] DEBUG -- : REQUESTING PAGE: GET / with {} and HTTP headers {}
D, [2015-10-25T17:06:39.027913 #32772] DEBUG -- : REQUESTING PAGE: POST /anota with {"puntaje1"=>"0"} and HTTP headers {"HTTP_REFERER"=>"/"}
D, [2015-10-25T17:07:06.848157 #28900] DEBUG -- : REQUESTING PAGE: GET / with {} and HTTP headers {}
D, [2015-10-25T17:07:06.933164 #28900] DEBUG -- : REQUESTING PAGE: POST /bienvenida with {"nombre"=>"Israel"} and HTTP headers {"HTTP_REFERER"=>"/"}
D, [2015-10-25T17:07:06.972166 #28900] DEBUG -- : REQUESTING PAGE: GET / with {} and HTTP headers {}
D, [2015-10-25T17:07:07.002167 #28900] DEBUG -- : REQUESTING PAGE: POST /score with {} and HTTP headers {"HTTP_REFERER"=>"/"}
D, [2015-10-25T17:07:07.049169 #28900] DEBUG -- : REQUESTING PAGE: GET / with {} and HTTP headers {}
D, [2015-10-25T17:07:07.079172 #28900] DEBUG -- : REQUESTING PAGE: POST /anota with {"puntaje1"=>"0"} and HTTP headers {"HTTP_REFERER"=>"/"}
D, [2015-10-25T17:07:59.762909 #28932] DEBUG -- : REQUESTING PAGE: GET / with {} and HTTP headers {}
D, [2015-10-25T17:07:59.857914 #28932] DEBUG -- : REQUESTING PAGE: POST /bienvenida with {"nombre"=>"Israel"} and HTTP headers {"HTTP_REFERER"=>"/"}
D, [2015-10-25T17:07:59.884917 #28932] DEBUG -- : REQUESTING PAGE: GET / with {} and HTTP headers {}
D, [2015-10-25T17:07:59.907917 #28932] DEBUG -- : REQUESTING PAGE: POST /score with {} and HTTP headers {"HTTP_REFERER"=>"/"}
D, [2015-10-25T17:07:59.929920 #28932] DEBUG -- : REQUESTING PAGE: GET / with {} and HTTP headers {}
D, [2015-10-25T17:07:59.949921 #28932] DEBUG -- : REQUESTING PAGE: POST /anota with {"puntaje1"=>"0"} and HTTP headers {"HTTP_REFERER"=>"/"}
D, [2015-10-25T17:08:50.178043 #32956] DEBUG -- : REQUESTING PAGE: GET / with {} and HTTP headers {}
D, [2015-10-25T17:08:50.274049 #32956] DEBUG -- : REQUESTING PAGE: POST /bienvenida with {"nombre"=>"Israel"} and HTTP headers {"HTTP_REFERER"=>"/"}
D, [2015-10-25T17:08:50.306051 #32956] DEBUG -- : REQUESTING PAGE: GET / with {} and HTTP headers {}
D, [2015-10-25T17:08:50.330053 #32956] DEBUG -- : REQUESTING PAGE: POST /scores with {} and HTTP headers {"HTTP_REFERER"=>"/"}
D, [2015-10-25T17:08:50.357056 #32956] DEBUG -- : REQUESTING PAGE: GET / with {} and HTTP headers {}
D, [2015-10-25T17:08:50.378055 #32956] DEBUG -- : REQUESTING PAGE: POST /anota with {"puntaje1"=>"0"} and HTTP headers {"HTTP_REFERER"=>"/"}
D, [2015-10-25T17:11:08.511329 #24028] DEBUG -- : REQUESTING PAGE: GET / with {} and HTTP headers {}
D, [2015-10-25T17:11:08.630335 #24028] DEBUG -- : REQUESTING PAGE: POST /bienvenida with {"nombre"=>"Israel"} and HTTP headers {"HTTP_REFERER"=>"/"}
D, [2015-10-25T17:11:08.680339 #24028] DEBUG -- : REQUESTING PAGE: GET / with {} and HTTP headers {}
D, [2015-10-25T17:11:08.733341 #24028] DEBUG -- : REQUESTING PAGE: POST /score with {} and HTTP headers {"HTTP_REFERER"=>"/"}
D, [2015-10-25T17:11:08.804345 #24028] DEBUG -- : REQUESTING PAGE: GET / with {} and HTTP headers {}
D, [2015-10-25T17:11:08.888351 #24028] DEBUG -- : REQUESTING PAGE: POST /anota with {"puntaje1"=>"0"} and HTTP headers {"HTTP_REFERER"=>"/"}
D, [2015-10-25T17:11:22.938058 #18672] DEBUG -- : REQUESTING PAGE: GET / with {} and HTTP headers {}
D, [2015-10-25T17:11:23.045063 #18672] DEBUG -- : REQUESTING PAGE: POST /bienvenida with {"nombre"=>"Israel"} and HTTP headers {"HTTP_REFERER"=>"/"}
D, [2015-10-25T17:11:23.079066 #18672] DEBUG -- : REQUESTING PAGE: GET / with {} and HTTP headers {}
D, [2015-10-25T17:11:23.108067 #18672] DEBUG -- : REQUESTING PAGE: POST /score with {} and HTTP headers {"HTTP_REFERER"=>"/"}
D, [2015-10-25T17:11:23.138069 #18672] DEBUG -- : REQUESTING PAGE: GET / with {} and HTTP headers {}
D, [2015-10-25T17:11:23.169070 #18672] DEBUG -- : REQUESTING PAGE: POST /anota with {"puntaje1"=>"0"} and HTTP headers {"HTTP_REFERER"=>"/"}
D, [2015-10-25T17:12:52.853952 #18528] DEBUG -- : REQUESTING PAGE: GET / with {} and HTTP headers {}
D, [2015-10-25T17:12:52.943958 #18528] DEBUG -- : REQUESTING PAGE: POST /bienvenida with {"nombre"=>"Israel"} and HTTP headers {"HTTP_REFERER"=>"/"}
D, [2015-10-25T17:12:52.976959 #18528] DEBUG -- : REQUESTING PAGE: GET / with {} and HTTP headers {}
D, [2015-10-25T17:12:52.996960 #18528] DEBUG -- : REQUESTING PAGE: POST /score with {} and HTTP headers {"HTTP_REFERER"=>"/"}
D, [2015-10-25T17:12:53.023962 #18528] DEBUG -- : REQUESTING PAGE: GET / with {} and HTTP headers {}
D, [2015-10-25T17:12:53.043962 #18528] DEBUG -- : REQUESTING PAGE: POST /anota with {"puntaje1"=>"0"} and HTTP headers {"HTTP_REFERER"=>"/"}
D, [2015-10-25T17:12:53.069964 #18528] DEBUG -- : REQUESTING PAGE: GET / with {} and HTTP headers {}
D, [2015-10-25T17:12:53.090965 #18528] DEBUG -- : REQUESTING PAGE: POST /anota2 with {"puntaje2"=>"0"} and HTTP headers {"HTTP_REFERER"=>"/"}
D, [2015-10-25T17:13:24.664186 #20324] DEBUG -- : REQUESTING PAGE: GET / with {} and HTTP headers {}
D, [2015-10-25T17:13:24.770193 #20324] DEBUG -- : REQUESTING PAGE: POST /bienvenida with {"nombre"=>"Israel"} and HTTP headers {"HTTP_REFERER"=>"/"}
D, [2015-10-25T17:13:24.811195 #20324] DEBUG -- : REQUESTING PAGE: GET / with {} and HTTP headers {}
D, [2015-10-25T17:13:24.832196 #20324] DEBUG -- : REQUESTING PAGE: POST /score with {} and HTTP headers {"HTTP_REFERER"=>"/"}
D, [2015-10-25T17:13:24.857200 #20324] DEBUG -- : REQUESTING PAGE: GET / with {} and HTTP headers {}
D, [2015-10-25T17:13:24.884199 #20324] DEBUG -- : REQUESTING PAGE: POST /anota with {"puntaje1"=>"0"} and HTTP headers {"HTTP_REFERER"=>"/"}
D, [2015-10-25T17:13:24.909202 #20324] DEBUG -- : REQUESTING PAGE: GET / with {} and HTTP headers {}
D, [2015-10-25T17:13:24.940203 #20324] DEBUG -- : REQUESTING PAGE: POST /anota2 with {"puntaje2"=>"0"} and HTTP headers {"HTTP_REFERER"=>"/"}
D, [2015-10-25T17:14:30.513631 #13272] DEBUG -- : REQUESTING PAGE: GET / with {} and HTTP headers {}
D, [2015-10-25T17:14:30.582635 #13272] DEBUG -- : REQUESTING PAGE: POST /score with {} and HTTP headers {"HTTP_REFERER"=>"/"}
D, [2015-10-25T17:14:30.612638 #13272] DEBUG -- : REQUESTING PAGE: GET / with {} and HTTP headers {}
D, [2015-10-25T17:14:30.632638 #13272] DEBUG -- : REQUESTING PAGE: POST /anota with {"puntaje1"=>"0"} and HTTP headers {"HTTP_REFERER"=>"/"}
D, [2015-10-25T17:14:30.664641 #13272] DEBUG -- : REQUESTING PAGE: GET / with {} and HTTP headers {}
D, [2015-10-25T17:14:30.685641 #13272] DEBUG -- : REQUESTING PAGE: POST /anota2 with {"puntaje2"=>"0"} and HTTP headers {"HTTP_REFERER"=>"/"}
D, [2015-10-25T17:14:38.400195 #20832] DEBUG -- : REQUESTING PAGE: GET / with {} and HTTP headers {}
D, [2015-10-25T17:14:38.471200 #20832] DEBUG -- : REQUESTING PAGE: POST /score with {} and HTTP headers {"HTTP_REFERER"=>"/"}
D, [2015-10-25T17:14:38.507202 #20832] DEBUG -- : REQUESTING PAGE: GET / with {} and HTTP headers {}
D, [2015-10-25T17:14:38.527203 #20832] DEBUG -- : REQUESTING PAGE: POST /anota with {"puntaje1"=>"0"} and HTTP headers {"HTTP_REFERER"=>"/"}
D, [2015-10-25T17:14:38.554204 #20832] DEBUG -- : REQUESTING PAGE: GET / with {} and HTTP headers {}
D, [2015-10-25T17:14:38.576205 #20832] DEBUG -- : REQUESTING PAGE: POST /anota2 with {"puntaje2"=>"0"} and HTTP headers {"HTTP_REFERER"=>"/"}
D, [2015-10-25T17:21:57.762877 #32032] DEBUG -- : REQUESTING PAGE: GET / with {} and HTTP headers {}
D, [2015-10-25T17:21:57.825880 #32032] DEBUG -- : REQUESTING PAGE: POST /score with {} and HTTP headers {"HTTP_REFERER"=>"/"}
D, [2015-10-25T17:21:57.851804 #32032] DEBUG -- : REQUESTING PAGE: GET / with {} and HTTP headers {}
D, [2015-10-25T17:21:57.871928 #32032] DEBUG -- : REQUESTING PAGE: POST /anota with {"puntaje1"=>"0"} and HTTP headers {"HTTP_REFERER"=>"/"}
D, [2015-10-25T17:21:57.893864 #32032] DEBUG -- : REQUESTING PAGE: GET / with {} and HTTP headers {}
D, [2015-10-25T17:21:57.912866 #32032] DEBUG -- : REQUESTING PAGE: POST /anota2 with {"puntaje2"=>"0"} and HTTP headers {"HTTP_REFERER"=>"/"}
D, [2015-10-31T08:01:42.066853 #2768] DEBUG -- : REQUESTING PAGE: GET / with {} and HTTP headers {}
D, [2015-10-31T08:01:42.405409 #2768] DEBUG -- : REQUESTING PAGE: POST /score with {} and HTTP headers {"HTTP_REFERER"=>"/"}
D, [2015-10-31T08:01:42.468021 #2768] DEBUG -- : REQUESTING PAGE: GET / with {} and HTTP headers {}
D, [2015-10-31T08:01:42.473054 #2768] DEBUG -- : REQUESTING PAGE: POST /anota with {"puntaje1"=>"0"} and HTTP headers {"HTTP_REFERER"=>"/"}
D, [2015-10-31T08:01:42.476055 #2768] DEBUG -- : REQUESTING PAGE: GET / with {} and HTTP headers {}
D, [2015-10-31T08:01:42.480059 #2768] DEBUG -- : REQUESTING PAGE: POST /anota2 with {"puntaje2"=>"0"} and HTTP headers {"HTTP_REFERER"=>"/"}
D, [2015-10-31T08:09:23.122147 #15000] DEBUG -- : REQUESTING PAGE: GET / with {} and HTTP headers {}
D, [2015-10-31T08:09:23.189191 #15000] DEBUG -- : REQUESTING PAGE: POST /score with {} and HTTP headers {"HTTP_REFERER"=>"/"}
D, [2015-10-31T08:09:23.211207 #15000] DEBUG -- : REQUESTING PAGE: GET / with {} and HTTP headers {}
D, [2015-10-31T08:09:23.227217 #15000] DEBUG -- : REQUESTING PAGE: POST /anota with {"puntaje1"=>"0"} and HTTP headers {"HTTP_REFERER"=>"/"}
D, [2015-10-31T08:09:23.245229 #15000] DEBUG -- : REQUESTING PAGE: GET / with {} and HTTP headers {}
D, [2015-10-31T08:09:23.260239 #15000] DEBUG -- : REQUESTING PAGE: POST /anota2 with {"puntaje2"=>"0"} and HTTP headers {"HTTP_REFERER"=>"/"}
D, [2015-10-31T08:10:03.780684 #14724] DEBUG -- : REQUESTING PAGE: GET / with {} and HTTP headers {}
D, [2015-10-31T08:10:03.833719 #14724] DEBUG -- : REQUESTING PAGE: POST /score with {} and HTTP headers {"HTTP_REFERER"=>"/"}
D, [2015-10-31T08:10:03.842725 #14724] DEBUG -- : REQUESTING PAGE: GET / with {} and HTTP headers {}
D, [2015-10-31T08:10:03.848729 #14724] DEBUG -- : REQUESTING PAGE: POST /anota with {"puntaje1"=>"0"} and HTTP headers {"HTTP_REFERER"=>"/"}
D, [2015-10-31T08:10:03.852731 #14724] DEBUG -- : REQUESTING PAGE: GET / with {} and HTTP headers {}
D, [2015-10-31T08:10:03.856735 #14724] DEBUG -- : REQUESTING PAGE: POST /anota2 with {"puntaje2"=>"0"} and HTTP headers {"HTTP_REFERER"=>"/"}
D, [2015-11-16T17:26:27.259999 #17324] DEBUG -- : REQUESTING PAGE: GET / with {} and HTTP headers {}
D, [2015-11-16T17:28:12.694147 #3908] DEBUG -- : REQUESTING PAGE: GET / with {} and HTTP headers {}
